<?xml version="1.0" encoding="UTF-8"?>
<!-- Generated by org.testng.reporters.JUnitXMLReporter -->
<testsuite hostname="TKonstantinov" name="Default test" tests="6" failures="0" timestamp="25 Oct 2013 08:04:17 GMT" time="16.019" errors="0">
  <testcase name="main" time="15.955" classname="test.test.rrrTest"/>
  <testcase name="main4" time="0.032" classname="test.test.rrrTest"/>
  <testcase name="main5" time="0.0" classname="test.test.rrrTest"/>
  <testcase name="main6" time="0.0" classname="test.test.rrrTest"/>
  <testcase name="main7" time="0.0" classname="test.test.rrrTest"/>
  <testcase name="main8" time="0.0" classname="test.test.rrrTest"/>
</testsuite> <!-- Default test -->
