<?xml version="1.0" encoding="UTF-8" ?>
<testsuite failures="0" time="7.127" errors="0" skipped="0" tests="6" name="test.test.rrrTest">
  <properties>
[...]
</properties>
  <testcase time="7.127" classname="test.test.rrrTest" name="main"/>
  <testcase time="0" classname="test.test.rrrTest" name="main4"/>
  <testcase time="0" classname="test.test.rrrTest" name="main5"/>
  <testcase time="0" classname="test.test.rrrTest" name="main6"/>
  <testcase time="0" classname="test.test.rrrTest" name="main7"/>
  <testcase time="0" classname="test.test.rrrTest" name="main8"/>
</testsuite>