<?xml version="1.0" encoding="UTF-8"?>
<testng-results skipped="0" failed="0" total="6" passed="6">
  <reporter-output>
  </reporter-output>
  <suite name="test.test.rrrTest" duration-ms="7127" started-at="2013-10-17T08:04:32Z" finished-at="2013-10-17T08:04:39Z">
    <groups>
    </groups>
    <test name="Command line test" duration-ms="7127" started-at="2013-10-17T08:04:32Z" finished-at="2013-10-17T08:04:39Z">
      <class name="test.test.rrrTest">
        <test-method status="PASS" signature="main()[pri:0, instance:test.test.rrrTest@4049cab1]" name="main" duration-ms="7127" started-at="2013-10-17T11:04:32Z" finished-at="2013-10-17T11:04:39Z">
          <reporter-output>
          </reporter-output>
        </test-method> <!-- main -->
        <test-method status="PASS" signature="main6()[pri:0, instance:test.test.rrrTest@4049cab1]" name="main6" duration-ms="0" started-at="2013-10-17T11:04:39Z" finished-at="2013-10-17T11:04:39Z">
          <reporter-output>
          </reporter-output>
        </test-method> <!-- main6 -->
        <test-method status="PASS" signature="main8()[pri:0, instance:test.test.rrrTest@4049cab1]" name="main8" duration-ms="0" started-at="2013-10-17T11:04:39Z" finished-at="2013-10-17T11:04:39Z">
          <reporter-output>
          </reporter-output>
        </test-method> <!-- main8 -->
        <test-method status="PASS" signature="main4()[pri:0, instance:test.test.rrrTest@4049cab1]" name="main4" duration-ms="0" started-at="2013-10-17T11:04:39Z" finished-at="2013-10-17T11:04:39Z">
          <reporter-output>
          </reporter-output>
        </test-method> <!-- main4 -->
        <test-method status="PASS" signature="main5()[pri:0, instance:test.test.rrrTest@4049cab1]" name="main5" duration-ms="0" started-at="2013-10-17T11:04:39Z" finished-at="2013-10-17T11:04:39Z">
          <reporter-output>
          </reporter-output>
        </test-method> <!-- main5 -->
        <test-method status="PASS" signature="main7()[pri:0, instance:test.test.rrrTest@4049cab1]" name="main7" duration-ms="0" started-at="2013-10-17T11:04:39Z" finished-at="2013-10-17T11:04:39Z">
          <reporter-output>
          </reporter-output>
        </test-method> <!-- main7 -->
      </class> <!-- test.test.rrrTest -->
    </test> <!-- Command line test -->
  </suite> <!-- test.test.rrrTest -->
</testng-results>
