<?xml version="1.0" encoding="UTF-8"?>
<!-- Generated by org.testng.reporters.JUnitXMLReporter -->
<testsuite hostname="TKonstantinov" name="Command line test" tests="6" failures="0" timestamp="17 Oct 2013 07:28:26 GMT" time="7.783" errors="0">
  <testcase name="main" time="7.768" classname="test.test.rrrTest"/>
  <testcase name="main4" time="0.0" classname="test.test.rrrTest"/>
  <testcase name="main5" time="0.0" classname="test.test.rrrTest"/>
  <testcase name="main6" time="0.0" classname="test.test.rrrTest"/>
  <testcase name="main7" time="0.0" classname="test.test.rrrTest"/>
  <testcase name="main8" time="0.0" classname="test.test.rrrTest"/>
</testsuite> <!-- Command line test -->
