<?xml version="1.0" encoding="UTF-8"?>
<testng-results skipped="0" failed="0" total="1" passed="1">
  <reporter-output>
  </reporter-output>
  <suite name="Default suite" duration-ms="13549" started-at="2013-10-15T13:28:14Z" finished-at="2013-10-15T13:28:28Z">
    <groups>
    </groups>
    <test name="Default test" duration-ms="13549" started-at="2013-10-15T13:28:14Z" finished-at="2013-10-15T13:28:28Z">
      <class name="test.test.rrrTest">
        <test-method status="PASS" signature="main()[pri:0, instance:test.test.rrrTest@6ede4084]" name="main" duration-ms="13533" started-at="2013-10-15T16:28:14Z" finished-at="2013-10-15T16:28:28Z">
          <reporter-output>
          </reporter-output>
        </test-method> <!-- main -->
      </class> <!-- test.test.rrrTest -->
    </test> <!-- Default test -->
  </suite> <!-- Default suite -->
</testng-results>
