<?xml version="1.0" encoding="UTF-8"?>
<testng-results skipped="0" failed="0" total="1" passed="1">
  <reporter-output>
  </reporter-output>
  <suite name="Default suite" duration-ms="15567" started-at="2013-10-11T09:02:18Z" finished-at="2013-10-11T09:02:34Z">
    <groups>
    </groups>
    <test name="Default test" duration-ms="15567" started-at="2013-10-11T09:02:18Z" finished-at="2013-10-11T09:02:34Z">
      <class name="test.TestGeolotto">
        <test-method status="PASS" signature="registerUserTest()[pri:0, instance:test.TestGeolotto@6d8f5c10]" name="registerUserTest" duration-ms="15567" started-at="2013-10-11T12:02:18Z" finished-at="2013-10-11T12:02:34Z">
          <reporter-output>
          </reporter-output>
        </test-method> <!-- registerUserTest -->
      </class> <!-- test.TestGeolotto -->
    </test> <!-- Default test -->
  </suite> <!-- Default suite -->
</testng-results>
