<?xml version="1.0" encoding="UTF-8"?>
<!-- Generated by org.testng.reporters.JUnitXMLReporter -->
<testsuite hostname="TKonstantinov" name="Command line test" tests="2" failures="1" timestamp="1 Nov 2013 12:58:56 GMT" time="18.713" errors="0">
  <testcase name="testRegistration" time="18.702" classname="test.test.pagesTest"/>
  <testcase name="testSomeFails" time="0.0" classname="test.test.pagesTest">
    <failure type="java.lang.AssertionError" message="Values are not equal expected [false] but found [true]">
      <![CDATA[java.lang.AssertionError: Values are not equal expected [false] but found [true]
	at test.test.pagesTest.testSomeFails(pagesTest.java:14)
... Removed 37 stack frames]]>
    </failure>
  </testcase> <!-- testSomeFails -->
</testsuite> <!-- Command line test -->
