<?xml version="1.0" encoding="UTF-8"?>
<!-- Generated by org.testng.reporters.JUnitXMLReporter -->
<testsuite hostname="TKonstantinov" name="Command line test" tests="6" failures="0" timestamp="31 Oct 2013 09:11:59 GMT" time="15.549" errors="0">
  <testcase name="main" time="15.538" classname="test.test.pagesTest"/>
  <testcase name="main4" time="0.002" classname="test.test.pagesTest"/>
  <testcase name="main5" time="0.0" classname="test.test.pagesTest"/>
  <testcase name="main6" time="0.0" classname="test.test.pagesTest"/>
  <testcase name="main7" time="0.0" classname="test.test.pagesTest"/>
  <testcase name="main8" time="0.0" classname="test.test.pagesTest"/>
</testsuite> <!-- Command line test -->
